<?xml version="1.0" encoding="UTF-8"?>
<testsuites name="Mocha Tests" time="18.2140" tests="2" failures="0">
  <testsuite name="Root Suite" timestamp="2022-10-17T15:11:13" tests="0" file="cypress/integration/menu.spec.ts" time="0.0000" failures="0">
  </testsuite>
  <testsuite name="Menu tests" timestamp="2022-10-17T15:11:13" tests="2" time="18.1940" failures="0">
    <testcase name="Menu tests Can edit content" time="10.4570" classname="Can edit content">
    </testcase>
    <testcase name="Menu tests Can download file" time="6.6420" classname="Can download file">
    </testcase>
  </testsuite>
</testsuites>